Grammar

    0 $accept: Script $end

    1 $@1: ε

    2 $@2: ε

    3 Script: Tool Input $@1 OptionalScriptElementsSeq $@2 OptionalOnlyOrAllStatement

    4 Number: "integer number"
    5       | "double number"

    6 String: "single quoted_string"
    7       | "double quoted_string"

    8 Tool: "tool" ":" "name"

    9 Input: "input" ":" "name"
   10      | "input" ":" String

   11 OptionalScriptElementsSeq: ScriptElementsSeq
   12                          | ε

   13 ScriptElementsSeq: ScriptElement
   14                  | ScriptElementsSeq ScriptElement

   15 ScriptElement: Option
   16              | ChoiceDeclaration
   17              | CaseStatement

   18 Option: "option"
   19       | "option" OptionValue

   20 OptionValue: "name"
   21            | Number
   22            | String
   23            | "name" "=" "name"
   24            | "name" ":" "name"
   25            | "name" "=" Number
   26            | "name" ":" Number

   27 $@3: ε

   28 ChoiceDeclaration: "choice" "name" ":" $@3 ChoiceLabels ";"

   29 ChoiceLabels: "name"
   30             | ChoiceLabels "|" "name"

   31 CaseLabel: "name"

   32 CaseLabelsSeq: CaseLabel
   33              | CaseLabelsSeq "," CaseLabel

   34 $@4: ε

   35 CaseStatement: "case" "name" ":" $@4 OptionalCaseAlternativesSeq ";"

   36 OptionalCaseAlternativesSeq: CaseAlternativesSeq
   37                            | ε

   38 CaseAlternativesSeq: CaseAlternative
   39                    | CaseAlternativesSeq CaseAlternative

   40 $@5: ε

   41 $@6: ε

   42 CaseAlternative: $@5 CaseLabelsSeq ":" $@6 OptionalScriptElementsSeq ";"

   43 OptionalOnlyOrAllStatement: OnlyStatement
   44                           | AllStatement
   45                           | ε

   46 OnlyStatement: "only" "name" ":" "name" ";"

   47 AllStatement: "all" "name" ";"


Terminals, with rules where they appear

    $end (0) 0
    error (256)
    "|" (258) 30
    "=" (259) 23 25
    ";" (260) 28 35 42 46 47
    ":" (261) 8 9 10 24 26 28 35 42 46
    "," (262) 33
    "tool" (263) 8
    "input" (264) 9 10
    "choice" (265) 28
    "case" (266) 35
    "only" (267) 46
    "all" (268) 47
    "integer number" <string> (269) 4
    "double number" <string> (270) 5
    "single quoted_string" <string> (271) 6
    "double quoted_string" <string> (272) 7
    "name" <string> (273) 8 9 20 23 24 25 26 28 29 30 31 35 46 47
    "option" <string> (274) 18 19


Nonterminals, with rules where they appear

    $accept (20)
        on left: 0
    Script (21)
        on left: 3
        on right: 0
    $@1 (22)
        on left: 1
        on right: 3
    $@2 (23)
        on left: 2
        on right: 3
    Number <string> (24)
        on left: 4 5
        on right: 21 25 26
    String <string> (25)
        on left: 6 7
        on right: 10 22
    Tool (26)
        on left: 8
        on right: 3
    Input (27)
        on left: 9 10
        on right: 3
    OptionalScriptElementsSeq (28)
        on left: 11 12
        on right: 3 42
    ScriptElementsSeq (29)
        on left: 13 14
        on right: 11 14
    ScriptElement (30)
        on left: 15 16 17
        on right: 13 14
    Option (31)
        on left: 18 19
        on right: 15
    OptionValue <string> (32)
        on left: 20 21 22 23 24 25 26
        on right: 19
    ChoiceDeclaration (33)
        on left: 28
        on right: 16
    $@3 (34)
        on left: 27
        on right: 28
    ChoiceLabels (35)
        on left: 29 30
        on right: 28 30
    CaseLabel (36)
        on left: 31
        on right: 32 33
    CaseLabelsSeq (37)
        on left: 32 33
        on right: 33 42
    CaseStatement (38)
        on left: 35
        on right: 17
    $@4 (39)
        on left: 34
        on right: 35
    OptionalCaseAlternativesSeq (40)
        on left: 36 37
        on right: 35
    CaseAlternativesSeq (41)
        on left: 38 39
        on right: 36 39
    CaseAlternative (42)
        on left: 42
        on right: 38 39
    $@5 (43)
        on left: 40
        on right: 42
    $@6 (44)
        on left: 41
        on right: 42
    OptionalOnlyOrAllStatement (45)
        on left: 43 44 45
        on right: 3
    OnlyStatement (46)
        on left: 46
        on right: 43
    AllStatement (47)
        on left: 47
        on right: 44


State 0

    0 $accept: • Script $end

    "tool"  shift, and go to state 1

    Script  go to state 2
    Tool    go to state 3


State 1

    8 Tool: "tool" • ":" "name"

    ":"  shift, and go to state 4


State 2

    0 $accept: Script • $end

    $end  shift, and go to state 5


State 3

    3 Script: Tool • Input $@1 OptionalScriptElementsSeq $@2 OptionalOnlyOrAllStatement

    "input"  shift, and go to state 6

    Input  go to state 7


State 4

    8 Tool: "tool" ":" • "name"

    "name"  shift, and go to state 8


State 5

    0 $accept: Script $end •

    $default  accept


State 6

    9 Input: "input" • ":" "name"
   10      | "input" • ":" String

    ":"  shift, and go to state 9


State 7

    3 Script: Tool Input • $@1 OptionalScriptElementsSeq $@2 OptionalOnlyOrAllStatement

    $default  reduce using rule 1 ($@1)

    $@1  go to state 10


State 8

    8 Tool: "tool" ":" "name" •

    $default  reduce using rule 8 (Tool)


State 9

    9 Input: "input" ":" • "name"
   10      | "input" ":" • String

    "single quoted_string"  shift, and go to state 11
    "double quoted_string"  shift, and go to state 12
    "name"                  shift, and go to state 13

    String  go to state 14


State 10

    3 Script: Tool Input $@1 • OptionalScriptElementsSeq $@2 OptionalOnlyOrAllStatement

    "choice"  shift, and go to state 15
    "case"    shift, and go to state 16
    "option"  shift, and go to state 17

    $default  reduce using rule 12 (OptionalScriptElementsSeq)

    OptionalScriptElementsSeq  go to state 18
    ScriptElementsSeq          go to state 19
    ScriptElement              go to state 20
    Option                     go to state 21
    ChoiceDeclaration          go to state 22
    CaseStatement              go to state 23


State 11

    6 String: "single quoted_string" •

    $default  reduce using rule 6 (String)


State 12

    7 String: "double quoted_string" •

    $default  reduce using rule 7 (String)


State 13

    9 Input: "input" ":" "name" •

    $default  reduce using rule 9 (Input)


State 14

   10 Input: "input" ":" String •

    $default  reduce using rule 10 (Input)


State 15

   28 ChoiceDeclaration: "choice" • "name" ":" $@3 ChoiceLabels ";"

    "name"  shift, and go to state 24


State 16

   35 CaseStatement: "case" • "name" ":" $@4 OptionalCaseAlternativesSeq ";"

    "name"  shift, and go to state 25


State 17

   18 Option: "option" •
   19       | "option" • OptionValue

    "integer number"        shift, and go to state 26
    "double number"         shift, and go to state 27
    "single quoted_string"  shift, and go to state 11
    "double quoted_string"  shift, and go to state 12
    "name"                  shift, and go to state 28

    $default  reduce using rule 18 (Option)

    Number       go to state 29
    String       go to state 30
    OptionValue  go to state 31


State 18

    3 Script: Tool Input $@1 OptionalScriptElementsSeq • $@2 OptionalOnlyOrAllStatement

    $default  reduce using rule 2 ($@2)

    $@2  go to state 32


State 19

   11 OptionalScriptElementsSeq: ScriptElementsSeq •
   14 ScriptElementsSeq: ScriptElementsSeq • ScriptElement

    "choice"  shift, and go to state 15
    "case"    shift, and go to state 16
    "option"  shift, and go to state 17

    $default  reduce using rule 11 (OptionalScriptElementsSeq)

    ScriptElement      go to state 33
    Option             go to state 21
    ChoiceDeclaration  go to state 22
    CaseStatement      go to state 23


State 20

   13 ScriptElementsSeq: ScriptElement •

    $default  reduce using rule 13 (ScriptElementsSeq)


State 21

   15 ScriptElement: Option •

    $default  reduce using rule 15 (ScriptElement)


State 22

   16 ScriptElement: ChoiceDeclaration •

    $default  reduce using rule 16 (ScriptElement)


State 23

   17 ScriptElement: CaseStatement •

    $default  reduce using rule 17 (ScriptElement)


State 24

   28 ChoiceDeclaration: "choice" "name" • ":" $@3 ChoiceLabels ";"

    ":"  shift, and go to state 34


State 25

   35 CaseStatement: "case" "name" • ":" $@4 OptionalCaseAlternativesSeq ";"

    ":"  shift, and go to state 35


State 26

    4 Number: "integer number" •

    $default  reduce using rule 4 (Number)


State 27

    5 Number: "double number" •

    $default  reduce using rule 5 (Number)


State 28

   20 OptionValue: "name" •
   23            | "name" • "=" "name"
   24            | "name" • ":" "name"
   25            | "name" • "=" Number
   26            | "name" • ":" Number

    "="  shift, and go to state 36
    ":"  shift, and go to state 37

    $default  reduce using rule 20 (OptionValue)


State 29

   21 OptionValue: Number •

    $default  reduce using rule 21 (OptionValue)


State 30

   22 OptionValue: String •

    $default  reduce using rule 22 (OptionValue)


State 31

   19 Option: "option" OptionValue •

    $default  reduce using rule 19 (Option)


State 32

    3 Script: Tool Input $@1 OptionalScriptElementsSeq $@2 • OptionalOnlyOrAllStatement

    "only"  shift, and go to state 38
    "all"   shift, and go to state 39

    $default  reduce using rule 45 (OptionalOnlyOrAllStatement)

    OptionalOnlyOrAllStatement  go to state 40
    OnlyStatement               go to state 41
    AllStatement                go to state 42


State 33

   14 ScriptElementsSeq: ScriptElementsSeq ScriptElement •

    $default  reduce using rule 14 (ScriptElementsSeq)


State 34

   28 ChoiceDeclaration: "choice" "name" ":" • $@3 ChoiceLabels ";"

    $default  reduce using rule 27 ($@3)

    $@3  go to state 43


State 35

   35 CaseStatement: "case" "name" ":" • $@4 OptionalCaseAlternativesSeq ";"

    $default  reduce using rule 34 ($@4)

    $@4  go to state 44


State 36

   23 OptionValue: "name" "=" • "name"
   25            | "name" "=" • Number

    "integer number"  shift, and go to state 26
    "double number"   shift, and go to state 27
    "name"            shift, and go to state 45

    Number  go to state 46


State 37

   24 OptionValue: "name" ":" • "name"
   26            | "name" ":" • Number

    "integer number"  shift, and go to state 26
    "double number"   shift, and go to state 27
    "name"            shift, and go to state 47

    Number  go to state 48


State 38

   46 OnlyStatement: "only" • "name" ":" "name" ";"

    "name"  shift, and go to state 49


State 39

   47 AllStatement: "all" • "name" ";"

    "name"  shift, and go to state 50


State 40

    3 Script: Tool Input $@1 OptionalScriptElementsSeq $@2 OptionalOnlyOrAllStatement •

    $default  reduce using rule 3 (Script)


State 41

   43 OptionalOnlyOrAllStatement: OnlyStatement •

    $default  reduce using rule 43 (OptionalOnlyOrAllStatement)


State 42

   44 OptionalOnlyOrAllStatement: AllStatement •

    $default  reduce using rule 44 (OptionalOnlyOrAllStatement)


State 43

   28 ChoiceDeclaration: "choice" "name" ":" $@3 • ChoiceLabels ";"

    "name"  shift, and go to state 51

    ChoiceLabels  go to state 52


State 44

   35 CaseStatement: "case" "name" ":" $@4 • OptionalCaseAlternativesSeq ";"

    "name"    reduce using rule 40 ($@5)
    $default  reduce using rule 37 (OptionalCaseAlternativesSeq)

    OptionalCaseAlternativesSeq  go to state 53
    CaseAlternativesSeq          go to state 54
    CaseAlternative              go to state 55
    $@5                          go to state 56


State 45

   23 OptionValue: "name" "=" "name" •

    $default  reduce using rule 23 (OptionValue)


State 46

   25 OptionValue: "name" "=" Number •

    $default  reduce using rule 25 (OptionValue)


State 47

   24 OptionValue: "name" ":" "name" •

    $default  reduce using rule 24 (OptionValue)


State 48

   26 OptionValue: "name" ":" Number •

    $default  reduce using rule 26 (OptionValue)


State 49

   46 OnlyStatement: "only" "name" • ":" "name" ";"

    ":"  shift, and go to state 57


State 50

   47 AllStatement: "all" "name" • ";"

    ";"  shift, and go to state 58


State 51

   29 ChoiceLabels: "name" •

    $default  reduce using rule 29 (ChoiceLabels)


State 52

   28 ChoiceDeclaration: "choice" "name" ":" $@3 ChoiceLabels • ";"
   30 ChoiceLabels: ChoiceLabels • "|" "name"

    "|"  shift, and go to state 59
    ";"  shift, and go to state 60


State 53

   35 CaseStatement: "case" "name" ":" $@4 OptionalCaseAlternativesSeq • ";"

    ";"  shift, and go to state 61


State 54

   36 OptionalCaseAlternativesSeq: CaseAlternativesSeq •
   39 CaseAlternativesSeq: CaseAlternativesSeq • CaseAlternative

    "name"    reduce using rule 40 ($@5)
    $default  reduce using rule 36 (OptionalCaseAlternativesSeq)

    CaseAlternative  go to state 62
    $@5              go to state 56


State 55

   38 CaseAlternativesSeq: CaseAlternative •

    $default  reduce using rule 38 (CaseAlternativesSeq)


State 56

   42 CaseAlternative: $@5 • CaseLabelsSeq ":" $@6 OptionalScriptElementsSeq ";"

    "name"  shift, and go to state 63

    CaseLabel      go to state 64
    CaseLabelsSeq  go to state 65


State 57

   46 OnlyStatement: "only" "name" ":" • "name" ";"

    "name"  shift, and go to state 66


State 58

   47 AllStatement: "all" "name" ";" •

    $default  reduce using rule 47 (AllStatement)


State 59

   30 ChoiceLabels: ChoiceLabels "|" • "name"

    "name"  shift, and go to state 67


State 60

   28 ChoiceDeclaration: "choice" "name" ":" $@3 ChoiceLabels ";" •

    $default  reduce using rule 28 (ChoiceDeclaration)


State 61

   35 CaseStatement: "case" "name" ":" $@4 OptionalCaseAlternativesSeq ";" •

    $default  reduce using rule 35 (CaseStatement)


State 62

   39 CaseAlternativesSeq: CaseAlternativesSeq CaseAlternative •

    $default  reduce using rule 39 (CaseAlternativesSeq)


State 63

   31 CaseLabel: "name" •

    $default  reduce using rule 31 (CaseLabel)


State 64

   32 CaseLabelsSeq: CaseLabel •

    $default  reduce using rule 32 (CaseLabelsSeq)


State 65

   33 CaseLabelsSeq: CaseLabelsSeq • "," CaseLabel
   42 CaseAlternative: $@5 CaseLabelsSeq • ":" $@6 OptionalScriptElementsSeq ";"

    ":"  shift, and go to state 68
    ","  shift, and go to state 69


State 66

   46 OnlyStatement: "only" "name" ":" "name" • ";"

    ";"  shift, and go to state 70


State 67

   30 ChoiceLabels: ChoiceLabels "|" "name" •

    $default  reduce using rule 30 (ChoiceLabels)


State 68

   42 CaseAlternative: $@5 CaseLabelsSeq ":" • $@6 OptionalScriptElementsSeq ";"

    $default  reduce using rule 41 ($@6)

    $@6  go to state 71


State 69

   33 CaseLabelsSeq: CaseLabelsSeq "," • CaseLabel

    "name"  shift, and go to state 63

    CaseLabel  go to state 72


State 70

   46 OnlyStatement: "only" "name" ":" "name" ";" •

    $default  reduce using rule 46 (OnlyStatement)


State 71

   42 CaseAlternative: $@5 CaseLabelsSeq ":" $@6 • OptionalScriptElementsSeq ";"

    "choice"  shift, and go to state 15
    "case"    shift, and go to state 16
    "option"  shift, and go to state 17

    $default  reduce using rule 12 (OptionalScriptElementsSeq)

    OptionalScriptElementsSeq  go to state 73
    ScriptElementsSeq          go to state 19
    ScriptElement              go to state 20
    Option                     go to state 21
    ChoiceDeclaration          go to state 22
    CaseStatement              go to state 23


State 72

   33 CaseLabelsSeq: CaseLabelsSeq "," CaseLabel •

    $default  reduce using rule 33 (CaseLabelsSeq)


State 73

   42 CaseAlternative: $@5 CaseLabelsSeq ":" $@6 OptionalScriptElementsSeq • ";"

    ";"  shift, and go to state 74


State 74

   42 CaseAlternative: $@5 CaseLabelsSeq ":" $@6 OptionalScriptElementsSeq ";" •

    $default  reduce using rule 42 (CaseAlternative)
